Creating /home/mohit/Documents/eagle/LBM313/NetlistNBMC_SCHEMATIC_with_LBM313.net netlist file.
Parsing parts and listing device files...
Parsing parts and listing net records...
Parsing parts and creating device files...
Creating /home/mohit/Documents/eagle/LBM313/NetlistC-EUC0402-0_1uF.txt device file (from Eagle C-EUC0402 device / rcl library).
Creating /home/mohit/Documents/eagle/LBM313/NetlistC-EUC0402-0_1uF.txt device file (from Eagle C-EUC0402 device / rcl library).
Creating /home/mohit/Documents/eagle/LBM313/NetlistC-EUC0402-100uF.txt device file (from Eagle C-EUC0402 device / rcl library).
Creating /home/mohit/Documents/eagle/LBM313/NetlistC-EUC0402-1uF.txt device file (from Eagle C-EUC0402 device / rcl library).
Creating /home/mohit/Documents/eagle/LBM313/NetlistC-EUC0402-1uF.txt device file (from Eagle C-EUC0402 device / rcl library).
Creating /home/mohit/Documents/eagle/LBM313/NetlistC-EUC0402-10uF.txt device file (from Eagle C-EUC0402 device / rcl library).
Creating /home/mohit/Documents/eagle/LBM313/NetlistC-EUC0402-10nF.txt device file (from Eagle C-EUC0402 device / rcl library).
Creating /home/mohit/Documents/eagle/LBM313/NetlistC-EUC0402-0_1uF.txt device file (from Eagle C-EUC0402 device / rcl library).
Creating /home/mohit/Documents/eagle/LBM313/NetlistC-EUC0402-0_1uF.txt device file (from Eagle C-EUC0402 device / rcl library).
Creating /home/mohit/Documents/eagle/LBM313/NetlistC-EUC0402-1_5nF.txt device file (from Eagle C-EUC0402 device / rcl library).
Creating /home/mohit/Documents/eagle/LBM313/NetlistC-EUC0402-1nF.txt device file (from Eagle C-EUC0402 device / rcl library).
Creating /home/mohit/Documents/eagle/LBM313/NetlistC-EUC0402-0_33uF.txt device file (from Eagle C-EUC0402 device / rcl library).
Creating /home/mohit/Documents/eagle/LBM313/NetlistC-EUC0402-15pF.txt device file (from Eagle C-EUC0402 device / rcl library).
Creating /home/mohit/Documents/eagle/LBM313/NetlistC-EUC0402-15pF.txt device file (from Eagle C-EUC0402 device / rcl library).
Creating /home/mohit/Documents/eagle/LBM313/NetlistCR2032SMT-CR2032_BATT_HOLDER.txt device file (from Eagle CR2032SMT device / adafruit library).
Creating /home/mohit/Documents/eagle/LBM313/NetlistPINHD-2X5-10_pin_connector.txt device file (from Eagle PINHD-2X5 device / pinhead library).
Creating /home/mohit/Documents/eagle/LBM313/Netlist1X4-3_5MM-1X4-3_5MM.txt device file (from Eagle 1X4-3.5MM device / adafruit library).
Creating /home/mohit/Documents/eagle/LBM313/NetlistLBM313-2540-LBM313-2540.txt device file (from Eagle LBM313-2540 device / LBM313-2540 library).
Creating /home/mohit/Documents/eagle/LBM313/NetlistXTAL-32_768kHz.txt device file (from Eagle XTAL device / special library).
Creating /home/mohit/Documents/eagle/LBM313/NetlistR-US_R0402-100kΩ.txt device file (from Eagle R-US_R0402 device / rcl library).
Creating /home/mohit/Documents/eagle/LBM313/NetlistR-US_R0402-1MΩ.txt device file (from Eagle R-US_R0402 device / rcl library).
Creating /home/mohit/Documents/eagle/LBM313/NetlistR-US_R0402-10MΩ.txt device file (from Eagle R-US_R0402 device / rcl library).
Creating /home/mohit/Documents/eagle/LBM313/NetlistR-US_R0402-10MΩ.txt device file (from Eagle R-US_R0402 device / rcl library).
Creating /home/mohit/Documents/eagle/LBM313/NetlistR-US_R0402-10MΩ.txt device file (from Eagle R-US_R0402 device / rcl library).
Creating /home/mohit/Documents/eagle/LBM313/NetlistR-US_R0402-10MΩ.txt device file (from Eagle R-US_R0402 device / rcl library).
Creating /home/mohit/Documents/eagle/LBM313/NetlistR-US_R0402-1_4MΩ.txt device file (from Eagle R-US_R0402 device / rcl library).
Creating /home/mohit/Documents/eagle/LBM313/NetlistR-US_R0402-1MΩ_.txt device file (from Eagle R-US_R0402 device / rcl library).
Creating /home/mohit/Documents/eagle/LBM313/NetlistR-US_R0402-1MΩ.txt device file (from Eagle R-US_R0402 device / rcl library).
Creating /home/mohit/Documents/eagle/LBM313/NetlistR-US_R0402-180kΩ.txt device file (from Eagle R-US_R0402 device / rcl library).
Creating /home/mohit/Documents/eagle/LBM313/NetlistR-US_R0402-180kΩ.txt device file (from Eagle R-US_R0402 device / rcl library).
Creating /home/mohit/Documents/eagle/LBM313/NetlistR-US_R0402-10MΩ.txt device file (from Eagle R-US_R0402 device / rcl library).
Creating /home/mohit/Documents/eagle/LBM313/NetlistR-US_R0402-10MΩ.txt device file (from Eagle R-US_R0402 device / rcl library).
Creating /home/mohit/Documents/eagle/LBM313/NetlistR-US_R0402-10MΩ.txt device file (from Eagle R-US_R0402 device / rcl library).
Creating /home/mohit/Documents/eagle/LBM313/NetlistR-US_R0402-10MΩ.txt device file (from Eagle R-US_R0402 device / rcl library).
Creating /home/mohit/Documents/eagle/LBM313/NetlistR-US_R0402-50kΩ.txt device file (from Eagle R-US_R0402 device / rcl library).
Creating /home/mohit/Documents/eagle/LBM313/NetlistTPSTP09R-TPSTP09R.txt device file (from Eagle TPSTP09R device / testpad library).
Creating /home/mohit/Documents/eagle/LBM313/NetlistTPSTP09R-TPSTP09R.txt device file (from Eagle TPSTP09R device / testpad library).
Creating /home/mohit/Documents/eagle/LBM313/NetlistTPSTP09R-TPSTP09R.txt device file (from Eagle TPSTP09R device / testpad library).
Creating /home/mohit/Documents/eagle/LBM313/NetlistTPSTP09R-TPSTP09R.txt device file (from Eagle TPSTP09R device / testpad library).
Creating /home/mohit/Documents/eagle/LBM313/NetlistTPSTP09R-TPSTP09R.txt device file (from Eagle TPSTP09R device / testpad library).
Creating /home/mohit/Documents/eagle/LBM313/NetlistTPSTP09R-TPSTP09R.txt device file (from Eagle TPSTP09R device / testpad library).
Creating /home/mohit/Documents/eagle/LBM313/NetlistTPSTP09R-TPSTP09R.txt device file (from Eagle TPSTP09R device / testpad library).
Creating /home/mohit/Documents/eagle/LBM313/NetlistTPSTP09R-TPSTP09R.txt device file (from Eagle TPSTP09R device / testpad library).
Creating /home/mohit/Documents/eagle/LBM313/NetlistTHERMISTOR-2_5-THERMISTOR-2_5.txt device file (from Eagle THERMISTOR-2,5 device / varistor library).
Creating /home/mohit/Documents/eagle/LBM313/NetlistAD8232ACPZ_R7-AD8232ACPZ_R7.txt device file (from Eagle AD8232ACPZ_R7 device / AD8232 library).
End.
